{"total": {"lines":{"total":5870,"covered":1439,"skipped":0,"pct":24.51},"statements":{"total":6391,"covered":1558,"skipped":0,"pct":24.37},"functions":{"total":1297,"covered":264,"skipped":0,"pct":20.35},"branches":{"total":2900,"covered":639,"skipped":0,"pct":22.03},"branchesTrue":{"total":0,"covered":0,"skipped":0,"pct":100}}
,"/Users/clay/Code/github/abs-react-native/src/index.ts": {"lines":{"total":57,"covered":0,"skipped":0,"pct":0},"functions":{"total":5,"covered":0,"skipped":0,"pct":0},"statements":{"total":58,"covered":0,"skipped":0,"pct":0},"branches":{"total":10,"covered":0,"skipped":0,"pct":0}}
,"/Users/clay/Code/github/abs-react-native/src/db/client.ts": {"lines":{"total":32,"covered":0,"skipped":0,"pct":0},"functions":{"total":4,"covered":0,"skipped":0,"pct":0},"statements":{"total":32,"covered":0,"skipped":0,"pct":0},"branches":{"total":8,"covered":0,"skipped":0,"pct":0}}
,"/Users/clay/Code/github/abs-react-native/src/db/helpers/audioFiles.ts": {"lines":{"total":28,"covered":0,"skipped":0,"pct":0},"functions":{"total":13,"covered":0,"skipped":0,"pct":0},"statements":{"total":31,"covered":0,"skipped":0,"pct":0},"branches":{"total":6,"covered":0,"skipped":0,"pct":0}}
,"/Users/clay/Code/github/abs-react-native/src/db/helpers/authors.ts": {"lines":{"total":44,"covered":0,"skipped":0,"pct":0},"functions":{"total":10,"covered":0,"skipped":0,"pct":0},"statements":{"total":46,"covered":0,"skipped":0,"pct":0},"branches":{"total":26,"covered":0,"skipped":0,"pct":0}}
,"/Users/clay/Code/github/abs-react-native/src/db/helpers/chapters.ts": {"lines":{"total":22,"covered":0,"skipped":0,"pct":0},"functions":{"total":12,"covered":0,"skipped":0,"pct":0},"statements":{"total":25,"covered":0,"skipped":0,"pct":0},"branches":{"total":8,"covered":0,"skipped":0,"pct":0}}
,"/Users/clay/Code/github/abs-react-native/src/db/helpers/combinedQueries.ts": {"lines":{"total":12,"covered":0,"skipped":0,"pct":0},"functions":{"total":6,"covered":0,"skipped":0,"pct":0},"statements":{"total":16,"covered":0,"skipped":0,"pct":0},"branches":{"total":16,"covered":0,"skipped":0,"pct":0}}
,"/Users/clay/Code/github/abs-react-native/src/db/helpers/filterData.ts": {"lines":{"total":28,"covered":0,"skipped":0,"pct":0},"functions":{"total":14,"covered":0,"skipped":0,"pct":0},"statements":{"total":40,"covered":0,"skipped":0,"pct":0},"branches":{"total":12,"covered":0,"skipped":0,"pct":0}}
,"/Users/clay/Code/github/abs-react-native/src/db/helpers/fullLibraryItems.ts": {"lines":{"total":86,"covered":0,"skipped":0,"pct":0},"functions":{"total":23,"covered":0,"skipped":0,"pct":0},"statements":{"total":100,"covered":0,"skipped":0,"pct":0},"branches":{"total":68,"covered":0,"skipped":0,"pct":0}}
,"/Users/clay/Code/github/abs-react-native/src/db/helpers/homeScreen.ts": {"lines":{"total":34,"covered":0,"skipped":0,"pct":0},"functions":{"total":12,"covered":0,"skipped":0,"pct":0},"statements":{"total":38,"covered":0,"skipped":0,"pct":0},"branches":{"total":80,"covered":0,"skipped":0,"pct":0}}
,"/Users/clay/Code/github/abs-react-native/src/db/helpers/index.ts": {"lines":{"total":0,"covered":0,"skipped":0,"pct":0},"functions":{"total":0,"covered":0,"skipped":0,"pct":0},"statements":{"total":0,"covered":0,"skipped":0,"pct":0},"branches":{"total":0,"covered":0,"skipped":0,"pct":0}}
,"/Users/clay/Code/github/abs-react-native/src/db/helpers/libraries.ts": {"lines":{"total":10,"covered":10,"skipped":0,"pct":100},"functions":{"total":7,"covered":7,"skipped":0,"pct":100},"statements":{"total":11,"covered":11,"skipped":0,"pct":100},"branches":{"total":14,"covered":14,"skipped":0,"pct":100}}
,"/Users/clay/Code/github/abs-react-native/src/db/helpers/libraryFiles.ts": {"lines":{"total":30,"covered":0,"skipped":0,"pct":0},"functions":{"total":15,"covered":0,"skipped":0,"pct":0},"statements":{"total":33,"covered":0,"skipped":0,"pct":0},"branches":{"total":6,"covered":0,"skipped":0,"pct":0}}
,"/Users/clay/Code/github/abs-react-native/src/db/helpers/libraryItems.ts": {"lines":{"total":44,"covered":0,"skipped":0,"pct":0},"functions":{"total":23,"covered":0,"skipped":0,"pct":0},"statements":{"total":50,"covered":0,"skipped":0,"pct":0},"branches":{"total":61,"covered":0,"skipped":0,"pct":0}}
,"/Users/clay/Code/github/abs-react-native/src/db/helpers/localData.ts": {"lines":{"total":53,"covered":0,"skipped":0,"pct":0},"functions":{"total":24,"covered":0,"skipped":0,"pct":0},"statements":{"total":57,"covered":0,"skipped":0,"pct":0},"branches":{"total":15,"covered":0,"skipped":0,"pct":0}}
,"/Users/clay/Code/github/abs-react-native/src/db/helpers/localListeningSessions.ts": {"lines":{"total":67,"covered":0,"skipped":0,"pct":0},"functions":{"total":21,"covered":0,"skipped":0,"pct":0},"statements":{"total":69,"covered":0,"skipped":0,"pct":0},"branches":{"total":32,"covered":0,"skipped":0,"pct":0}}
,"/Users/clay/Code/github/abs-react-native/src/db/helpers/mediaJoins.ts": {"lines":{"total":41,"covered":0,"skipped":0,"pct":0},"functions":{"total":22,"covered":0,"skipped":0,"pct":0},"statements":{"total":55,"covered":0,"skipped":0,"pct":0},"branches":{"total":36,"covered":0,"skipped":0,"pct":0}}
,"/Users/clay/Code/github/abs-react-native/src/db/helpers/mediaMetadata.ts": {"lines":{"total":71,"covered":0,"skipped":0,"pct":0},"functions":{"total":17,"covered":0,"skipped":0,"pct":0},"statements":{"total":77,"covered":0,"skipped":0,"pct":0},"branches":{"total":46,"covered":0,"skipped":0,"pct":0}}
,"/Users/clay/Code/github/abs-react-native/src/db/helpers/mediaProgress.ts": {"lines":{"total":12,"covered":0,"skipped":0,"pct":0},"functions":{"total":7,"covered":0,"skipped":0,"pct":0},"statements":{"total":17,"covered":0,"skipped":0,"pct":0},"branches":{"total":70,"covered":0,"skipped":0,"pct":0}}
,"/Users/clay/Code/github/abs-react-native/src/db/helpers/migrationHelpers.ts": {"lines":{"total":44,"covered":0,"skipped":0,"pct":0},"functions":{"total":2,"covered":0,"skipped":0,"pct":0},"statements":{"total":44,"covered":0,"skipped":0,"pct":0},"branches":{"total":6,"covered":0,"skipped":0,"pct":0}}
,"/Users/clay/Code/github/abs-react-native/src/db/helpers/series.ts": {"lines":{"total":22,"covered":0,"skipped":0,"pct":0},"functions":{"total":9,"covered":0,"skipped":0,"pct":0},"statements":{"total":26,"covered":0,"skipped":0,"pct":0},"branches":{"total":22,"covered":0,"skipped":0,"pct":0}}
,"/Users/clay/Code/github/abs-react-native/src/db/helpers/statistics.ts": {"lines":{"total":14,"covered":14,"skipped":0,"pct":100},"functions":{"total":7,"covered":7,"skipped":0,"pct":100},"statements":{"total":14,"covered":14,"skipped":0,"pct":100},"branches":{"total":12,"covered":6,"skipped":0,"pct":50}}
,"/Users/clay/Code/github/abs-react-native/src/db/helpers/tokens.ts": {"lines":{"total":11,"covered":0,"skipped":0,"pct":0},"functions":{"total":3,"covered":0,"skipped":0,"pct":0},"statements":{"total":11,"covered":0,"skipped":0,"pct":0},"branches":{"total":14,"covered":0,"skipped":0,"pct":0}}
,"/Users/clay/Code/github/abs-react-native/src/db/helpers/users.ts": {"lines":{"total":14,"covered":14,"skipped":0,"pct":100},"functions":{"total":5,"covered":5,"skipped":0,"pct":100},"statements":{"total":17,"covered":17,"skipped":0,"pct":100},"branches":{"total":58,"covered":44,"skipped":0,"pct":75.86}}
,"/Users/clay/Code/github/abs-react-native/src/db/schema/audioFiles.ts": {"lines":{"total":2,"covered":1,"skipped":0,"pct":50},"functions":{"total":1,"covered":0,"skipped":0,"pct":0},"statements":{"total":2,"covered":1,"skipped":0,"pct":50},"branches":{"total":0,"covered":0,"skipped":0,"pct":100}}
,"/Users/clay/Code/github/abs-react-native/src/db/schema/authors.ts": {"lines":{"total":1,"covered":1,"skipped":0,"pct":100},"functions":{"total":0,"covered":0,"skipped":0,"pct":100},"statements":{"total":1,"covered":1,"skipped":0,"pct":100},"branches":{"total":0,"covered":0,"skipped":0,"pct":100}}
,"/Users/clay/Code/github/abs-react-native/src/db/schema/chapters.ts": {"lines":{"total":2,"covered":1,"skipped":0,"pct":50},"functions":{"total":1,"covered":0,"skipped":0,"pct":0},"statements":{"total":2,"covered":1,"skipped":0,"pct":50},"branches":{"total":0,"covered":0,"skipped":0,"pct":100}}
,"/Users/clay/Code/github/abs-react-native/src/db/schema/genres.ts": {"lines":{"total":1,"covered":1,"skipped":0,"pct":100},"functions":{"total":0,"covered":0,"skipped":0,"pct":100},"statements":{"total":1,"covered":1,"skipped":0,"pct":100},"branches":{"total":0,"covered":0,"skipped":0,"pct":100}}
,"/Users/clay/Code/github/abs-react-native/src/db/schema/index.ts": {"lines":{"total":0,"covered":0,"skipped":0,"pct":0},"functions":{"total":0,"covered":0,"skipped":0,"pct":0},"statements":{"total":0,"covered":0,"skipped":0,"pct":0},"branches":{"total":0,"covered":0,"skipped":0,"pct":0}}
,"/Users/clay/Code/github/abs-react-native/src/db/schema/languages.ts": {"lines":{"total":1,"covered":1,"skipped":0,"pct":100},"functions":{"total":0,"covered":0,"skipped":0,"pct":100},"statements":{"total":1,"covered":1,"skipped":0,"pct":100},"branches":{"total":0,"covered":0,"skipped":0,"pct":100}}
,"/Users/clay/Code/github/abs-react-native/src/db/schema/libraries.ts": {"lines":{"total":1,"covered":1,"skipped":0,"pct":100},"functions":{"total":0,"covered":0,"skipped":0,"pct":100},"statements":{"total":1,"covered":1,"skipped":0,"pct":100},"branches":{"total":0,"covered":0,"skipped":0,"pct":100}}
,"/Users/clay/Code/github/abs-react-native/src/db/schema/libraryFiles.ts": {"lines":{"total":2,"covered":1,"skipped":0,"pct":50},"functions":{"total":1,"covered":0,"skipped":0,"pct":0},"statements":{"total":2,"covered":1,"skipped":0,"pct":50},"branches":{"total":0,"covered":0,"skipped":0,"pct":100}}
,"/Users/clay/Code/github/abs-react-native/src/db/schema/libraryItems.ts": {"lines":{"total":2,"covered":1,"skipped":0,"pct":50},"functions":{"total":1,"covered":0,"skipped":0,"pct":0},"statements":{"total":2,"covered":1,"skipped":0,"pct":50},"branches":{"total":0,"covered":0,"skipped":0,"pct":100}}
,"/Users/clay/Code/github/abs-react-native/src/db/schema/localData.ts": {"lines":{"total":11,"covered":5,"skipped":0,"pct":45.45},"functions":{"total":6,"covered":0,"skipped":0,"pct":0},"statements":{"total":11,"covered":5,"skipped":0,"pct":45.45},"branches":{"total":0,"covered":0,"skipped":0,"pct":100}}
,"/Users/clay/Code/github/abs-react-native/src/db/schema/mediaJoins.ts": {"lines":{"total":20,"covered":5,"skipped":0,"pct":25},"functions":{"total":15,"covered":0,"skipped":0,"pct":0},"statements":{"total":20,"covered":5,"skipped":0,"pct":25},"branches":{"total":0,"covered":0,"skipped":0,"pct":100}}
,"/Users/clay/Code/github/abs-react-native/src/db/schema/mediaMetadata.ts": {"lines":{"total":2,"covered":1,"skipped":0,"pct":50},"functions":{"total":1,"covered":0,"skipped":0,"pct":0},"statements":{"total":2,"covered":1,"skipped":0,"pct":50},"branches":{"total":0,"covered":0,"skipped":0,"pct":100}}
,"/Users/clay/Code/github/abs-react-native/src/db/schema/mediaProgress.ts": {"lines":{"total":2,"covered":1,"skipped":0,"pct":50},"functions":{"total":1,"covered":0,"skipped":0,"pct":0},"statements":{"total":2,"covered":1,"skipped":0,"pct":50},"branches":{"total":0,"covered":0,"skipped":0,"pct":100}}
,"/Users/clay/Code/github/abs-react-native/src/db/schema/narrators.ts": {"lines":{"total":1,"covered":1,"skipped":0,"pct":100},"functions":{"total":0,"covered":0,"skipped":0,"pct":100},"statements":{"total":1,"covered":1,"skipped":0,"pct":100},"branches":{"total":0,"covered":0,"skipped":0,"pct":100}}
,"/Users/clay/Code/github/abs-react-native/src/db/schema/series.ts": {"lines":{"total":1,"covered":1,"skipped":0,"pct":100},"functions":{"total":0,"covered":0,"skipped":0,"pct":100},"statements":{"total":1,"covered":1,"skipped":0,"pct":100},"branches":{"total":0,"covered":0,"skipped":0,"pct":100}}
,"/Users/clay/Code/github/abs-react-native/src/db/schema/tags.ts": {"lines":{"total":1,"covered":1,"skipped":0,"pct":100},"functions":{"total":0,"covered":0,"skipped":0,"pct":100},"statements":{"total":1,"covered":1,"skipped":0,"pct":100},"branches":{"total":0,"covered":0,"skipped":0,"pct":100}}
,"/Users/clay/Code/github/abs-react-native/src/db/schema/users.ts": {"lines":{"total":1,"covered":1,"skipped":0,"pct":100},"functions":{"total":0,"covered":0,"skipped":0,"pct":100},"statements":{"total":1,"covered":1,"skipped":0,"pct":100},"branches":{"total":0,"covered":0,"skipped":0,"pct":100}}
,"/Users/clay/Code/github/abs-react-native/src/hooks/useFloatingPlayerPadding.ts": {"lines":{"total":4,"covered":0,"skipped":0,"pct":0},"functions":{"total":3,"covered":0,"skipped":0,"pct":0},"statements":{"total":5,"covered":0,"skipped":0,"pct":0},"branches":{"total":2,"covered":0,"skipped":0,"pct":0}}
,"/Users/clay/Code/github/abs-react-native/src/i18n/index.ts": {"lines":{"total":39,"covered":0,"skipped":0,"pct":0},"functions":{"total":6,"covered":0,"skipped":0,"pct":0},"statements":{"total":39,"covered":0,"skipped":0,"pct":0},"branches":{"total":25,"covered":0,"skipped":0,"pct":0}}
,"/Users/clay/Code/github/abs-react-native/src/i18n/locales/en.ts": {"lines":{"total":1,"covered":0,"skipped":0,"pct":0},"functions":{"total":0,"covered":0,"skipped":0,"pct":100},"statements":{"total":1,"covered":0,"skipped":0,"pct":0},"branches":{"total":0,"covered":0,"skipped":0,"pct":100}}
,"/Users/clay/Code/github/abs-react-native/src/i18n/locales/es.ts": {"lines":{"total":1,"covered":0,"skipped":0,"pct":0},"functions":{"total":0,"covered":0,"skipped":0,"pct":100},"statements":{"total":1,"covered":0,"skipped":0,"pct":0},"branches":{"total":0,"covered":0,"skipped":0,"pct":100}}
,"/Users/clay/Code/github/abs-react-native/src/lib/appSettings.ts": {"lines":{"total":97,"covered":13,"skipped":0,"pct":13.4},"functions":{"total":17,"covered":1,"skipped":0,"pct":5.88},"statements":{"total":106,"covered":13,"skipped":0,"pct":12.26},"branches":{"total":40,"covered":0,"skipped":0,"pct":0}}
,"/Users/clay/Code/github/abs-react-native/src/lib/appVersion.ts": {"lines":{"total":35,"covered":0,"skipped":0,"pct":0},"functions":{"total":6,"covered":0,"skipped":0,"pct":0},"statements":{"total":35,"covered":0,"skipped":0,"pct":0},"branches":{"total":12,"covered":0,"skipped":0,"pct":0}}
,"/Users/clay/Code/github/abs-react-native/src/lib/asyncStore.ts": {"lines":{"total":23,"covered":8,"skipped":0,"pct":34.78},"functions":{"total":4,"covered":2,"skipped":0,"pct":50},"statements":{"total":23,"covered":8,"skipped":0,"pct":34.78},"branches":{"total":11,"covered":6,"skipped":0,"pct":54.54}}
,"/Users/clay/Code/github/abs-react-native/src/lib/authorImages.ts": {"lines":{"total":38,"covered":1,"skipped":0,"pct":2.63},"functions":{"total":6,"covered":0,"skipped":0,"pct":0},"statements":{"total":44,"covered":1,"skipped":0,"pct":2.27},"branches":{"total":14,"covered":0,"skipped":0,"pct":0}}
,"/Users/clay/Code/github/abs-react-native/src/lib/covers.ts": {"lines":{"total":50,"covered":0,"skipped":0,"pct":0},"functions":{"total":8,"covered":0,"skipped":0,"pct":0},"statements":{"total":54,"covered":0,"skipped":0,"pct":0},"branches":{"total":14,"covered":0,"skipped":0,"pct":0}}
,"/Users/clay/Code/github/abs-react-native/src/lib/exportUtils.ts": {"lines":{"total":47,"covered":0,"skipped":0,"pct":0},"functions":{"total":4,"covered":0,"skipped":0,"pct":0},"statements":{"total":47,"covered":0,"skipped":0,"pct":0},"branches":{"total":38,"covered":0,"skipped":0,"pct":0}}
,"/Users/clay/Code/github/abs-react-native/src/lib/fileLifecycleManager.ts": {"lines":{"total":141,"covered":98,"skipped":0,"pct":69.5},"functions":{"total":7,"covered":6,"skipped":0,"pct":85.71},"statements":{"total":141,"covered":98,"skipped":0,"pct":69.5},"branches":{"total":58,"covered":46,"skipped":0,"pct":79.31}}
,"/Users/clay/Code/github/abs-react-native/src/lib/fileSystem.ts": {"lines":{"total":104,"covered":0,"skipped":0,"pct":0},"functions":{"total":19,"covered":0,"skipped":0,"pct":0},"statements":{"total":104,"covered":0,"skipped":0,"pct":0},"branches":{"total":56,"covered":0,"skipped":0,"pct":0}}
,"/Users/clay/Code/github/abs-react-native/src/lib/iCloudBackupExclusion.ts": {"lines":{"total":18,"covered":1,"skipped":0,"pct":5.55},"functions":{"total":3,"covered":0,"skipped":0,"pct":0},"statements":{"total":18,"covered":1,"skipped":0,"pct":5.55},"branches":{"total":16,"covered":1,"skipped":0,"pct":6.25}}
,"/Users/clay/Code/github/abs-react-native/src/lib/navigation.ts": {"lines":{"total":6,"covered":0,"skipped":0,"pct":0},"functions":{"total":5,"covered":0,"skipped":0,"pct":0},"statements":{"total":6,"covered":0,"skipped":0,"pct":0},"branches":{"total":0,"covered":0,"skipped":0,"pct":100}}
,"/Users/clay/Code/github/abs-react-native/src/lib/secureStore.ts": {"lines":{"total":21,"covered":0,"skipped":0,"pct":0},"functions":{"total":6,"covered":0,"skipped":0,"pct":0},"statements":{"total":22,"covered":0,"skipped":0,"pct":0},"branches":{"total":6,"covered":0,"skipped":0,"pct":0}}
,"/Users/clay/Code/github/abs-react-native/src/lib/smartRewind.ts": {"lines":{"total":41,"covered":17,"skipped":0,"pct":41.46},"functions":{"total":1,"covered":1,"skipped":0,"pct":100},"statements":{"total":41,"covered":17,"skipped":0,"pct":41.46},"branches":{"total":26,"covered":12,"skipped":0,"pct":46.15}}
,"/Users/clay/Code/github/abs-react-native/src/lib/styles.ts": {"lines":{"total":5,"covered":0,"skipped":0,"pct":0},"functions":{"total":0,"covered":0,"skipped":0,"pct":100},"statements":{"total":5,"covered":0,"skipped":0,"pct":0},"branches":{"total":0,"covered":0,"skipped":0,"pct":100}}
,"/Users/clay/Code/github/abs-react-native/src/lib/theme.ts": {"lines":{"total":13,"covered":0,"skipped":0,"pct":0},"functions":{"total":2,"covered":0,"skipped":0,"pct":0},"statements":{"total":13,"covered":0,"skipped":0,"pct":0},"branches":{"total":47,"covered":0,"skipped":0,"pct":0}}
,"/Users/clay/Code/github/abs-react-native/src/lib/trackPlayerConfig.ts": {"lines":{"total":4,"covered":0,"skipped":0,"pct":0},"functions":{"total":1,"covered":0,"skipped":0,"pct":0},"statements":{"total":4,"covered":0,"skipped":0,"pct":0},"branches":{"total":0,"covered":0,"skipped":0,"pct":100}}
,"/Users/clay/Code/github/abs-react-native/src/lib/api/api.ts": {"lines":{"total":82,"covered":3,"skipped":0,"pct":3.65},"functions":{"total":9,"covered":0,"skipped":0,"pct":0},"statements":{"total":88,"covered":3,"skipped":0,"pct":3.4},"branches":{"total":62,"covered":0,"skipped":0,"pct":0}}
,"/Users/clay/Code/github/abs-react-native/src/lib/api/endpoints.ts": {"lines":{"total":140,"covered":0,"skipped":0,"pct":0},"functions":{"total":28,"covered":0,"skipped":0,"pct":0},"statements":{"total":142,"covered":0,"skipped":0,"pct":0},"branches":{"total":57,"covered":0,"skipped":0,"pct":0}}
,"/Users/clay/Code/github/abs-react-native/src/lib/downloads/speedTracker.ts": {"lines":{"total":17,"covered":1,"skipped":0,"pct":5.88},"functions":{"total":3,"covered":0,"skipped":0,"pct":0},"statements":{"total":17,"covered":1,"skipped":0,"pct":5.88},"branches":{"total":9,"covered":0,"skipped":0,"pct":0}}
,"/Users/clay/Code/github/abs-react-native/src/lib/helpers/formatters.ts": {"lines":{"total":25,"covered":6,"skipped":0,"pct":24},"functions":{"total":5,"covered":1,"skipped":0,"pct":20},"statements":{"total":26,"covered":6,"skipped":0,"pct":23.07},"branches":{"total":17,"covered":2,"skipped":0,"pct":11.76}}
,"/Users/clay/Code/github/abs-react-native/src/lib/logger/db.ts": {"lines":{"total":63,"covered":0,"skipped":0,"pct":0},"functions":{"total":18,"covered":0,"skipped":0,"pct":0},"statements":{"total":67,"covered":0,"skipped":0,"pct":0},"branches":{"total":29,"covered":0,"skipped":0,"pct":0}}
,"/Users/clay/Code/github/abs-react-native/src/lib/logger/index.ts": {"lines":{"total":256,"covered":0,"skipped":0,"pct":0},"functions":{"total":52,"covered":0,"skipped":0,"pct":0},"statements":{"total":266,"covered":0,"skipped":0,"pct":0},"branches":{"total":92,"covered":0,"skipped":0,"pct":0}}
,"/Users/clay/Code/github/abs-react-native/src/providers/AuthProvider.tsx": {"lines":{"total":59,"covered":0,"skipped":0,"pct":0},"functions":{"total":18,"covered":0,"skipped":0,"pct":0},"statements":{"total":65,"covered":0,"skipped":0,"pct":0},"branches":{"total":18,"covered":0,"skipped":0,"pct":0}}
,"/Users/clay/Code/github/abs-react-native/src/providers/DbProvider.tsx": {"lines":{"total":16,"covered":0,"skipped":0,"pct":0},"functions":{"total":5,"covered":0,"skipped":0,"pct":0},"statements":{"total":18,"covered":0,"skipped":0,"pct":0},"branches":{"total":6,"covered":0,"skipped":0,"pct":0}}
,"/Users/clay/Code/github/abs-react-native/src/providers/StoreProvider.tsx": {"lines":{"total":12,"covered":0,"skipped":0,"pct":0},"functions":{"total":1,"covered":0,"skipped":0,"pct":0},"statements":{"total":12,"covered":0,"skipped":0,"pct":0},"branches":{"total":2,"covered":0,"skipped":0,"pct":0}}
,"/Users/clay/Code/github/abs-react-native/src/services/ApiClientService.ts": {"lines":{"total":83,"covered":9,"skipped":0,"pct":10.84},"functions":{"total":21,"covered":0,"skipped":0,"pct":0},"statements":{"total":87,"covered":9,"skipped":0,"pct":10.34},"branches":{"total":18,"covered":0,"skipped":0,"pct":0}}
,"/Users/clay/Code/github/abs-react-native/src/services/DownloadService.ts": {"lines":{"total":404,"covered":8,"skipped":0,"pct":1.98},"functions":{"total":63,"covered":2,"skipped":0,"pct":3.17},"statements":{"total":418,"covered":8,"skipped":0,"pct":1.91},"branches":{"total":189,"covered":2,"skipped":0,"pct":1.05}}
,"/Users/clay/Code/github/abs-react-native/src/services/PlayerBackgroundService.ts": {"lines":{"total":370,"covered":0,"skipped":0,"pct":0},"functions":{"total":24,"covered":0,"skipped":0,"pct":0},"statements":{"total":370,"covered":0,"skipped":0,"pct":0},"branches":{"total":177,"covered":0,"skipped":0,"pct":0}}
,"/Users/clay/Code/github/abs-react-native/src/services/PlayerService.ts": {"lines":{"total":645,"covered":313,"skipped":0,"pct":48.52},"functions":{"total":52,"covered":29,"skipped":0,"pct":55.76},"statements":{"total":651,"covered":315,"skipped":0,"pct":48.38},"branches":{"total":340,"covered":134,"skipped":0,"pct":39.41}}
,"/Users/clay/Code/github/abs-react-native/src/services/ProgressService.ts": {"lines":{"total":426,"covered":0,"skipped":0,"pct":0},"functions":{"total":29,"covered":0,"skipped":0,"pct":0},"statements":{"total":427,"covered":0,"skipped":0,"pct":0},"branches":{"total":247,"covered":0,"skipped":0,"pct":0}}
,"/Users/clay/Code/github/abs-react-native/src/services/libraryItemBatchService.ts": {"lines":{"total":42,"covered":0,"skipped":0,"pct":0},"functions":{"total":8,"covered":0,"skipped":0,"pct":0},"statements":{"total":45,"covered":0,"skipped":0,"pct":0},"branches":{"total":15,"covered":0,"skipped":0,"pct":0}}
,"/Users/clay/Code/github/abs-react-native/src/services/coordinator/PlayerStateCoordinator.ts": {"lines":{"total":165,"covered":136,"skipped":0,"pct":82.42},"functions":{"total":25,"covered":20,"skipped":0,"pct":80},"statements":{"total":165,"covered":136,"skipped":0,"pct":82.42},"branches":{"total":57,"covered":43,"skipped":0,"pct":75.43}}
,"/Users/clay/Code/github/abs-react-native/src/services/coordinator/eventBus.ts": {"lines":{"total":24,"covered":24,"skipped":0,"pct":100},"functions":{"total":8,"covered":8,"skipped":0,"pct":100},"statements":{"total":24,"covered":24,"skipped":0,"pct":100},"branches":{"total":6,"covered":6,"skipped":0,"pct":100}}
,"/Users/clay/Code/github/abs-react-native/src/services/coordinator/transitions.ts": {"lines":{"total":13,"covered":13,"skipped":0,"pct":100},"functions":{"total":5,"covered":5,"skipped":0,"pct":100},"statements":{"total":13,"covered":13,"skipped":0,"pct":100},"branches":{"total":10,"covered":8,"skipped":0,"pct":80}}
,"/Users/clay/Code/github/abs-react-native/src/stores/appStore.ts": {"lines":{"total":229,"covered":0,"skipped":0,"pct":0},"functions":{"total":214,"covered":0,"skipped":0,"pct":0},"statements":{"total":386,"covered":0,"skipped":0,"pct":0},"branches":{"total":31,"covered":0,"skipped":0,"pct":0}}
,"/Users/clay/Code/github/abs-react-native/src/stores/index.ts": {"lines":{"total":0,"covered":0,"skipped":0,"pct":0},"functions":{"total":0,"covered":0,"skipped":0,"pct":0},"statements":{"total":0,"covered":0,"skipped":0,"pct":0},"branches":{"total":0,"covered":0,"skipped":0,"pct":0}}
,"/Users/clay/Code/github/abs-react-native/src/stores/utils.ts": {"lines":{"total":106,"covered":90,"skipped":0,"pct":84.9},"functions":{"total":21,"covered":19,"skipped":0,"pct":90.47},"statements":{"total":133,"covered":113,"skipped":0,"pct":84.96},"branches":{"total":129,"covered":92,"skipped":0,"pct":71.31}}
,"/Users/clay/Code/github/abs-react-native/src/stores/slices/authorsSlice.ts": {"lines":{"total":78,"covered":74,"skipped":0,"pct":94.87},"functions":{"total":24,"covered":21,"skipped":0,"pct":87.5},"statements":{"total":95,"covered":89,"skipped":0,"pct":93.68},"branches":{"total":18,"covered":17,"skipped":0,"pct":94.44}}
,"/Users/clay/Code/github/abs-react-native/src/stores/slices/downloadSlice.ts": {"lines":{"total":83,"covered":0,"skipped":0,"pct":0},"functions":{"total":22,"covered":0,"skipped":0,"pct":0},"statements":{"total":91,"covered":0,"skipped":0,"pct":0},"branches":{"total":20,"covered":0,"skipped":0,"pct":0}}
,"/Users/clay/Code/github/abs-react-native/src/stores/slices/homeSlice.ts": {"lines":{"total":52,"covered":0,"skipped":0,"pct":0},"functions":{"total":16,"covered":0,"skipped":0,"pct":0},"statements":{"total":64,"covered":0,"skipped":0,"pct":0},"branches":{"total":16,"covered":0,"skipped":0,"pct":0}}
,"/Users/clay/Code/github/abs-react-native/src/stores/slices/libraryItemDetailsSlice.ts": {"lines":{"total":95,"covered":0,"skipped":0,"pct":0},"functions":{"total":25,"covered":0,"skipped":0,"pct":0},"statements":{"total":105,"covered":0,"skipped":0,"pct":0},"branches":{"total":38,"covered":0,"skipped":0,"pct":0}}
,"/Users/clay/Code/github/abs-react-native/src/stores/slices/librarySlice.ts": {"lines":{"total":320,"covered":265,"skipped":0,"pct":82.81},"functions":{"total":57,"covered":47,"skipped":0,"pct":82.45},"statements":{"total":352,"covered":292,"skipped":0,"pct":82.95},"branches":{"total":116,"covered":87,"skipped":0,"pct":75}}
,"/Users/clay/Code/github/abs-react-native/src/stores/slices/loggerSlice.ts": {"lines":{"total":41,"covered":0,"skipped":0,"pct":0},"functions":{"total":10,"covered":0,"skipped":0,"pct":0},"statements":{"total":48,"covered":0,"skipped":0,"pct":0},"branches":{"total":16,"covered":0,"skipped":0,"pct":0}}
,"/Users/clay/Code/github/abs-react-native/src/stores/slices/networkSlice.ts": {"lines":{"total":76,"covered":0,"skipped":0,"pct":0},"functions":{"total":22,"covered":0,"skipped":0,"pct":0},"statements":{"total":83,"covered":0,"skipped":0,"pct":0},"branches":{"total":22,"covered":0,"skipped":0,"pct":0}}
,"/Users/clay/Code/github/abs-react-native/src/stores/slices/playerSlice.ts": {"lines":{"total":188,"covered":172,"skipped":0,"pct":91.48},"functions":{"total":42,"covered":41,"skipped":0,"pct":97.61},"statements":{"total":209,"covered":192,"skipped":0,"pct":91.86},"branches":{"total":110,"covered":95,"skipped":0,"pct":86.36}}
,"/Users/clay/Code/github/abs-react-native/src/stores/slices/seriesSlice.ts": {"lines":{"total":57,"covered":55,"skipped":0,"pct":96.49},"functions":{"total":20,"covered":19,"skipped":0,"pct":95},"statements":{"total":71,"covered":68,"skipped":0,"pct":95.77},"branches":{"total":12,"covered":12,"skipped":0,"pct":100}}
,"/Users/clay/Code/github/abs-react-native/src/stores/slices/settingsSlice.ts": {"lines":{"total":83,"covered":65,"skipped":0,"pct":78.31},"functions":{"total":28,"covered":22,"skipped":0,"pct":78.57},"statements":{"total":102,"covered":80,"skipped":0,"pct":78.43},"branches":{"total":10,"covered":10,"skipped":0,"pct":100}}
,"/Users/clay/Code/github/abs-react-native/src/stores/slices/statisticsSlice.ts": {"lines":{"total":28,"covered":0,"skipped":0,"pct":0},"functions":{"total":12,"covered":0,"skipped":0,"pct":0},"statements":{"total":35,"covered":0,"skipped":0,"pct":0},"branches":{"total":4,"covered":0,"skipped":0,"pct":0}}
,"/Users/clay/Code/github/abs-react-native/src/stores/slices/userProfileSlice.ts": {"lines":{"total":66,"covered":0,"skipped":0,"pct":0},"functions":{"total":22,"covered":0,"skipped":0,"pct":0},"statements":{"total":77,"covered":0,"skipped":0,"pct":0},"branches":{"total":10,"covered":0,"skipped":0,"pct":0}}
,"/Users/clay/Code/github/abs-react-native/src/types/api.ts": {"lines":{"total":0,"covered":0,"skipped":0,"pct":0},"functions":{"total":0,"covered":0,"skipped":0,"pct":0},"statements":{"total":0,"covered":0,"skipped":0,"pct":0},"branches":{"total":0,"covered":0,"skipped":0,"pct":0}}
,"/Users/clay/Code/github/abs-react-native/src/types/components.ts": {"lines":{"total":0,"covered":0,"skipped":0,"pct":0},"functions":{"total":0,"covered":0,"skipped":0,"pct":0},"statements":{"total":0,"covered":0,"skipped":0,"pct":0},"branches":{"total":0,"covered":0,"skipped":0,"pct":0}}
,"/Users/clay/Code/github/abs-react-native/src/types/coordinator.ts": {"lines":{"total":0,"covered":0,"skipped":0,"pct":0},"functions":{"total":0,"covered":0,"skipped":0,"pct":0},"statements":{"total":0,"covered":0,"skipped":0,"pct":0},"branches":{"total":0,"covered":0,"skipped":0,"pct":0}}
,"/Users/clay/Code/github/abs-react-native/src/types/database.ts": {"lines":{"total":0,"covered":0,"skipped":0,"pct":0},"functions":{"total":0,"covered":0,"skipped":0,"pct":0},"statements":{"total":0,"covered":0,"skipped":0,"pct":0},"branches":{"total":0,"covered":0,"skipped":0,"pct":0}}
,"/Users/clay/Code/github/abs-react-native/src/types/index.ts": {"lines":{"total":0,"covered":0,"skipped":0,"pct":0},"functions":{"total":0,"covered":0,"skipped":0,"pct":0},"statements":{"total":0,"covered":0,"skipped":0,"pct":0},"branches":{"total":0,"covered":0,"skipped":0,"pct":0}}
,"/Users/clay/Code/github/abs-react-native/src/types/player.ts": {"lines":{"total":0,"covered":0,"skipped":0,"pct":0},"functions":{"total":0,"covered":0,"skipped":0,"pct":0},"statements":{"total":0,"covered":0,"skipped":0,"pct":0},"branches":{"total":0,"covered":0,"skipped":0,"pct":0}}
,"/Users/clay/Code/github/abs-react-native/src/types/services.ts": {"lines":{"total":0,"covered":0,"skipped":0,"pct":0},"functions":{"total":0,"covered":0,"skipped":0,"pct":0},"statements":{"total":0,"covered":0,"skipped":0,"pct":0},"branches":{"total":0,"covered":0,"skipped":0,"pct":0}}
,"/Users/clay/Code/github/abs-react-native/src/types/store.ts": {"lines":{"total":0,"covered":0,"skipped":0,"pct":0},"functions":{"total":0,"covered":0,"skipped":0,"pct":0},"statements":{"total":0,"covered":0,"skipped":0,"pct":0},"branches":{"total":0,"covered":0,"skipped":0,"pct":0}}
,"/Users/clay/Code/github/abs-react-native/src/types/utils.ts": {"lines":{"total":0,"covered":0,"skipped":0,"pct":0},"functions":{"total":0,"covered":0,"skipped":0,"pct":0},"statements":{"total":0,"covered":0,"skipped":0,"pct":0},"branches":{"total":0,"covered":0,"skipped":0,"pct":0}}
,"/Users/clay/Code/github/abs-react-native/src/utils/userHelpers.ts": {"lines":{"total":11,"covered":5,"skipped":0,"pct":45.45},"functions":{"total":2,"covered":1,"skipped":0,"pct":50},"statements":{"total":12,"covered":5,"skipped":0,"pct":41.66},"branches":{"total":6,"covered":2,"skipped":0,"pct":33.33}}
}
